<?xml version="1.0" encoding="UTF-8"?>
<testng-results ignored="0" total="1" passed="1" failed="0" skipped="0">
  <reporter-output>
  </reporter-output>
  <suite started-at="2023-08-17T20:56:53 IST" name="Suite" finished-at="2023-08-17T20:56:54 IST" duration-ms="732">
    <groups>
    </groups>
    <test started-at="2023-08-17T20:56:53 IST" name="Test" finished-at="2023-08-17T20:56:54 IST" duration-ms="732">
      <class name="com.extentdemo.testclass">
        <test-method is-config="true" signature="extentInstance()[pri:0, instance:com.extentdemo.testclass@4b168fa9]" started-at="2023-08-17T20:56:53 IST" name="extentInstance" finished-at="2023-08-17T20:56:53 IST" duration-ms="61" status="PASS">
          <reporter-output>
          </reporter-output>
        </test-method> <!-- extentInstance -->
        <test-method signature="testmethod()[pri:0, instance:com.extentdemo.testclass@4b168fa9]" started-at="2023-08-17T20:56:53 IST" name="testmethod" finished-at="2023-08-17T20:56:54 IST" duration-ms="549" status="PASS">
          <reporter-output>
          </reporter-output>
        </test-method> <!-- testmethod -->
        <test-method is-config="true" signature="endReport()[pri:0, instance:com.extentdemo.testclass@4b168fa9]" started-at="2023-08-17T20:56:54 IST" name="endReport" finished-at="2023-08-17T20:56:54 IST" duration-ms="110" status="PASS">
          <reporter-output>
          </reporter-output>
        </test-method> <!-- endReport -->
      </class> <!-- com.extentdemo.testclass -->
    </test> <!-- Test -->
  </suite> <!-- Suite -->
</testng-results>
