<?xml version="1.0" encoding="UTF-8"?>
<testng-results ignored="0" total="1" passed="1" failed="0" skipped="0">
  <reporter-output>
  </reporter-output>
  <suite started-at="2023-08-17T20:55:10 IST" name="Default suite" finished-at="2023-08-17T20:55:40 IST" duration-ms="30087">
    <groups>
    </groups>
    <test started-at="2023-08-17T20:55:10 IST" name="Default test" finished-at="2023-08-17T20:55:40 IST" duration-ms="30087">
      <class name="com.extentdemo.testclass">
        <test-method is-config="true" signature="extentInstance()[pri:0, instance:com.extentdemo.testclass@2a551a63]" started-at="2023-08-17T20:55:10 IST" name="extentInstance" finished-at="2023-08-17T20:55:10 IST" duration-ms="356" status="PASS">
          <reporter-output>
          </reporter-output>
        </test-method> <!-- extentInstance -->
        <test-method signature="testmethod()[pri:0, instance:com.extentdemo.testclass@2a551a63]" started-at="2023-08-17T20:55:10 IST" name="testmethod" finished-at="2023-08-17T20:55:39 IST" duration-ms="28799" status="PASS">
          <reporter-output>
          </reporter-output>
        </test-method> <!-- testmethod -->
        <test-method is-config="true" signature="endReport()[pri:0, instance:com.extentdemo.testclass@2a551a63]" started-at="2023-08-17T20:55:39 IST" name="endReport" finished-at="2023-08-17T20:55:40 IST" duration-ms="832" status="PASS">
          <reporter-output>
          </reporter-output>
        </test-method> <!-- endReport -->
      </class> <!-- com.extentdemo.testclass -->
    </test> <!-- Default test -->
  </suite> <!-- Default suite -->
</testng-results>
